#
# A fatal error has been detected by the Java Runtime Environment:
#
#  SIGSEGV (0xb) at pc=0x000000010a27ecdd, pid=13238, tid=0x000000000000f807
#
# JRE version: Java(TM) SE Runtime Environment (8.0_92-b14) (build 1.8.0_92-b14)
# Java VM: Java HotSpot(TM) 64-Bit Server VM (25.92-b14 mixed mode bsd-amd64 compressed oops)
# Problematic frame:
# C  [libawt_lwawt.dylib+0x1acdd]  OGLSD_SetScratchSurface+0x49
#
# Failed to write core dump. Core dumps have been disabled. To enable core dumping, try "ulimit -c unlimited" before starting Java again
#
# If you would like to submit a bug report, please visit:
#   http://bugreport.java.com/bugreport/crash.jsp
# The crash happened outside the Java Virtual Machine in native code.
# See problematic frame for where to report the bug.
#

---------------  T H R E A D  ---------------

Current thread (0x00007fb3499c7800):  JavaThread "Java2D Queue Flusher" daemon [_thread_in_native, id=63495, stack(0x0000700006c90000,0x0000700006d90000)]

siginfo: si_signo: 11 (SIGSEGV), si_code: 1 (SEGV_MAPERR), si_addr: 0x0000000000000002

Registers:
RAX=0x00000000ffffffff, RBX=0x0000000000000002, RCX=0x0000000000000047, RDX=0x000000010a29f844
RSP=0x0000700006d8f720, RBP=0x0000700006d8f740, RSI=0x00007fb34ad66180, RDI=0x00007fb3499c79f8
R8 =0x00000000000001de, R9 =0x00000000000b610d, R10=0x000000010c508cb8, R11=0x000000010c4f0ac0
R12=0x0000000000000000, R13=0x0000700006d8f8e8, R14=0x00007fb3499c79f8, R15=0x00007fb3499c7800
RIP=0x000000010a27ecdd, EFLAGS=0x0000000000010202, ERR=0x0000000000000004
  TRAPNO=0x000000000000000e

Top of Stack: (sp=0x0000700006d8f720)
0x0000700006d8f720:   00007fb34ad66180 0000000000000000
0x0000700006d8f730:   00007fb34a101810 00007fb3499c7800
0x0000700006d8f740:   0000700006d8f7c0 000000010a29f322
0x0000700006d8f750:   00007fb3499c7800 000000000001000f
0x0000700006d8f760:   00007fb348633d00 0000000200000001
0x0000700006d8f770:   0000700006d8f880 00007fb3499c7800
0x0000700006d8f780:   0000000000000000 00007fb34a101820
0x0000700006d8f790:   0000700000d8f968 00007fb3499c79f8
0x0000700006d8f7a0:   0000000740161d50 0000000000000000
0x0000700006d8f7b0:   0000700006d8f968 00007fb3499c7800
0x0000700006d8f7c0:   0000700006d8f810 000000010c508d2a
0x0000700006d8f7d0:   0000000740161d50 00007fb34856a2a8
0x0000700006d8f7e0:   0000700006d8f810 0000000101331b40
0x0000700006d8f7f0:   0000000000000064 0000000000000000
0x0000700006d8f800:   0000000000000064 00007fb34856a2a8
0x0000700006d8f810:   0000700006d8f940 000000010c4f3504
0x0000700006d8f820:   00007fb300000005 00007fb3499c7800
0x0000700006d8f830:   0000000000000001 00007fb3487485e0
0x0000700006d8f840:   00000007400ecd00 00007fb3499c7800
0x0000700006d8f850:   00007fb3499c7800 0000000106c2ba00
0x0000700006d8f860:   0000700006d8f968 00007fb3499c7800
0x0000700006d8f870:   0000000740161d50 0000000100000020
0x0000700006d8f880:   00000007400ecde8 000000010c4617a6
0x0000700006d8f890:   0000700006d8f940 000000010c4f0b2c
0x0000700006d8f8a0:   000000011e2bf304 0000700006d8f8e8
0x0000700006d8f8b0:   000000011e2bf398 0000000000000000
0x0000700006d8f8c0:   0000000740161d50 000000010be6d33d
0x0000700006d8f8d0:   0000700006d8f940 000000010be6d33d
0x0000700006d8f8e0:   000000010be6d33d 0000000740161d50
0x0000700006d8f8f0:   0000000000000001 00000007400ecde8
0x0000700006d8f900:   0000700006d8f8f0 0000000107297441
0x0000700006d8f910:   0000700006d8f968 0000000107297cd8 

Instructions: (pc=0x000000010a27ecdd)
0x000000010a27ecbd:   c0 e9 82 00 00 00 48 8b 5e 10 48 85 db 75 0e bf
0x000000010a27eccd:   01 00 00 00 48 8d 15 ef 76 03 00 eb d6 49 89 fe
0x000000010a27ecdd:   4c 8b 3b 30 c0 e8 83 a3 02 00 49 8b 3f 49 89 c4
0x000000010a27eced:   48 8b 35 34 f9 05 00 30 c0 e8 a7 a4 02 00 48 85 

Register to memory mapping:

RAX=0x00000000ffffffff is an unknown value
RBX=0x0000000000000002 is an unknown value
RCX=0x0000000000000047 is an unknown value
RDX=0x000000010a29f844: Java_sun_java2d_opengl_OGLRenderQueue_flushBuffer+0xb5c in /Applications/Greenfoot.app/Contents/JDK/Home/jre/lib/libawt_lwawt.dylib at 0x000000010a264000
RSP=0x0000700006d8f720 is pointing into the stack for thread: 0x00007fb3499c7800
RBP=0x0000700006d8f740 is pointing into the stack for thread: 0x00007fb3499c7800
RSI=0x00007fb34ad66180 is an unknown value
RDI=0x00007fb3499c79f8 is an unknown value
R8 =0x00000000000001de is an unknown value
R9 =0x00000000000b610d is an unknown value
R10=0x000000010c508cb8 is at entry_point+56 in (nmethod*)0x000000010c508b10
R11=0x000000010c4f0ac0 is at entry_point+0 in (nmethod*)0x000000010c4f0950
R12=0x0000000000000000 is an unknown value
R13=0x0000700006d8f8e8 is pointing into the stack for thread: 0x00007fb3499c7800
R14=0x00007fb3499c79f8 is an unknown value
R15=0x00007fb3499c7800 is a thread


Stack: [0x0000700006c90000,0x0000700006d90000],  sp=0x0000700006d8f720,  free space=1021k
Native frames: (J=compiled Java code, j=interpreted, Vv=VM code, C=native code)
C  [libawt_lwawt.dylib+0x1acdd]  OGLSD_SetScratchSurface+0x49
C  [libawt_lwawt.dylib+0x3b322]  Java_sun_java2d_opengl_OGLRenderQueue_flushBuffer+0x63a
J 2022  sun.java2d.opengl.OGLRenderQueue.flushBuffer(JI)V (0 bytes) @ 0x000000010c508d2a [0x000000010c508c80+0xaa]
J 1999 C1 sun.java2d.opengl.OGLRenderQueue.flushBuffer()V (41 bytes) @ 0x000000010c4f3504 [0x000000010c4f32a0+0x264]
J 1998 C1 sun.java2d.opengl.OGLRenderQueue.access$100(Lsun/java2d/opengl/OGLRenderQueue;)V (5 bytes) @ 0x000000010c4f0b2c [0x000000010c4f0ac0+0x6c]
j  sun.java2d.opengl.OGLRenderQueue$QueueFlusher.run()V+81
v  ~StubRoutines::call_stub
V  [libjvm.dylib+0x2ecc9a]
V  [libjvm.dylib+0x2ed428]
V  [libjvm.dylib+0x2ed5d4]
V  [libjvm.dylib+0x347dbd]
V  [libjvm.dylib+0x564c57]
V  [libjvm.dylib+0x566344]
V  [libjvm.dylib+0x485bbe]
C  [libsystem_pthread.dylib+0x393b]  _pthread_body+0xb4
C  [libsystem_pthread.dylib+0x3887]  _pthread_body+0x0
C  [libsystem_pthread.dylib+0x308d]  thread_start+0xd
C  0x0000000000000000

Java frames: (J=compiled Java code, j=interpreted, Vv=VM code)
J 2022  sun.java2d.opengl.OGLRenderQueue.flushBuffer(JI)V (0 bytes) @ 0x000000010c508cb8 [0x000000010c508c80+0x38]
J 1999 C1 sun.java2d.opengl.OGLRenderQueue.flushBuffer()V (41 bytes) @ 0x000000010c4f3504 [0x000000010c4f32a0+0x264]
J 1998 C1 sun.java2d.opengl.OGLRenderQueue.access$100(Lsun/java2d/opengl/OGLRenderQueue;)V (5 bytes) @ 0x000000010c4f0b2c [0x000000010c4f0ac0+0x6c]
j  sun.java2d.opengl.OGLRenderQueue$QueueFlusher.run()V+81
v  ~StubRoutines::call_stub

---------------  P R O C E S S  ---------------

Java Threads: ( => current thread )
  0x00007fb348ee1800 JavaThread "RMI TCP Connection(13)-127.0.0.1" daemon [_thread_in_native, id=76895, stack(0x0000700006f99000,0x0000700007099000)]
  0x00007fb348eb5800 JavaThread "TimerQueue" daemon [_thread_blocked, id=72215, stack(0x0000700007834000,0x0000700007934000)]
  0x00007fb34a14d000 JavaThread "main" [_thread_blocked, id=60175, stack(0x000070000709c000,0x000070000719c000)]
  0x00007fb3491d7800 JavaThread "SimulationThread" [_thread_blocked, id=68103, stack(0x00007000076ae000,0x00007000077ae000)]
  0x00007fb348bfc800 JavaThread "AWT-EventQueue-0" [_thread_blocked, id=67587, stack(0x00007000075ab000,0x00007000076ab000)]
  0x00007fb3499c4000 JavaThread "RMI Reaper" [_thread_blocked, id=66563, stack(0x00007000073a5000,0x00007000074a5000)]
  0x00007fb349168800 JavaThread "RMI TCP Accept-0" daemon [_thread_in_native, id=66051, stack(0x00007000072a2000,0x00007000073a2000)]
  0x00007fb3491b7000 JavaThread "Java2D Disposer" daemon [_thread_blocked, id=65551, stack(0x000070000719f000,0x000070000729f000)]
=>0x00007fb3499c7800 JavaThread "Java2D Queue Flusher" daemon [_thread_in_native, id=63495, stack(0x0000700006c90000,0x0000700006d90000)]
  0x00007fb349168000 JavaThread "GC Daemon" daemon [_thread_blocked, id=56835, stack(0x0000700006e96000,0x0000700006f96000)]
  0x00007fb34914f800 JavaThread "RMI RenewClean-[127.0.0.1:49618]" daemon [_thread_blocked, id=56323, stack(0x0000700006d93000,0x0000700006e93000)]
  0x00007fb348b13000 JavaThread "RMI Scheduler(0)" daemon [_thread_blocked, id=47887, stack(0x0000700006a8a000,0x0000700006b8a000)]
  0x00007fb3490e9800 JavaThread "DestroyJavaVM" [_thread_blocked, id=7171, stack(0x000070000574e000,0x000070000584e000)]
  0x00007fb349977000 JavaThread "BlueJ worker thread" [_thread_blocked, id=48387, stack(0x0000700006b8d000,0x0000700006c8d000)]
  0x00007fb348a5e800 JavaThread "AWT-Shutdown" [_thread_blocked, id=31007, stack(0x0000700006904000,0x0000700006a04000)]
  0x00007fb34a0b7800 JavaThread "AppKit Thread" daemon [_thread_in_native, id=775, stack(0x00007fff5ef2a000,0x00007fff5f72a000)]
  0x00007fb349836000 JavaThread "Service Thread" daemon [_thread_blocked, id=20227, stack(0x000070000667b000,0x000070000677b000)]
  0x00007fb349026800 JavaThread "C1 CompilerThread2" daemon [_thread_blocked, id=19715, stack(0x0000700006578000,0x0000700006678000)]
  0x00007fb34a000000 JavaThread "C2 CompilerThread1" daemon [_thread_blocked, id=19203, stack(0x0000700006475000,0x0000700006575000)]
  0x00007fb348837800 JavaThread "C2 CompilerThread0" daemon [_thread_blocked, id=18691, stack(0x0000700006372000,0x0000700006472000)]
  0x00007fb349835800 JavaThread "JDWP Command Reader" daemon [_thread_in_native, id=18179, stack(0x000070000626f000,0x000070000636f000)]
  0x00007fb349834800 JavaThread "JDWP Event Helper Thread" daemon [_thread_blocked, id=17667, stack(0x000070000616c000,0x000070000626c000)]
  0x00007fb349025800 JavaThread "JDWP Transport Listener: dt_socket" daemon [_thread_blocked, id=17155, stack(0x0000700006069000,0x0000700006169000)]
  0x00007fb34882b000 JavaThread "Signal Dispatcher" daemon [_thread_blocked, id=16643, stack(0x0000700005f66000,0x0000700006066000)]
  0x00007fb34a006000 JavaThread "Finalizer" daemon [_thread_blocked, id=12547, stack(0x0000700005e63000,0x0000700005f63000)]
  0x00007fb34a003000 JavaThread "Reference Handler" daemon [_thread_blocked, id=12035, stack(0x0000700005d60000,0x0000700005e60000)]

Other Threads:
  0x00007fb349016000 VMThread [stack: 0x0000700005c5d000,0x0000700005d5d000] [id=11523]
  0x00007fb34901a800 WatcherThread [stack: 0x000070000677e000,0x000070000687e000] [id=20739]

VM state:not at safepoint (normal execution)

VM Mutex/Monitor currently owned by a thread: None

Heap:
 PSYoungGen      total 38400K, used 665K [0x0000000795580000, 0x0000000798000000, 0x00000007c0000000)
  eden space 33280K, 2% used [0x0000000795580000,0x00000007956266b0,0x0000000797600000)
  from space 5120K, 0% used [0x0000000797b00000,0x0000000797b00000,0x0000000798000000)
  to   space 5120K, 0% used [0x0000000797600000,0x0000000797600000,0x0000000797b00000)
 ParOldGen       total 87552K, used 4924K [0x0000000740000000, 0x0000000745580000, 0x0000000795580000)
  object space 87552K, 5% used [0x0000000740000000,0x00000007404cf378,0x0000000745580000)
 Metaspace       used 18140K, capacity 18590K, committed 18944K, reserved 1064960K
  class space    used 2318K, capacity 2438K, committed 2560K, reserved 1048576K

Card table byte_map: [0x0000000102157000,0x0000000102558000] byte_map_base: 0x00000000fe757000

Marking Bits: (ParMarkBitMap*) 0x00000001016e8bd0
 Begin Bits: [0x0000000102803000, 0x0000000104803000)
 End Bits:   [0x0000000104803000, 0x0000000106803000)

Polling page: 0x0000000100596000

CodeCache: size=245760Kb used=8254Kb max_used=8465Kb free=237505Kb
 bounds [0x000000010be65000, 0x000000010c6b5000, 0x000000011ae65000]
 total_blobs=2962 nmethods=2404 adapters=479
 compilation: enabled

Compilation events (10 events):
Event: 3304.165 Thread 0x00007fb34a000000 2513       4       java.io.ObjectInputStream$PeekInputStream::readFully (48 bytes)
Event: 3304.174 Thread 0x00007fb34a000000 nmethod 2513 0x000000010bf90110 code [0x000000010bf902a0, 0x000000010bf907f8]
Event: 3603.605 Thread 0x00007fb349026800 2514       3       java.net.URI$Parser::scan (50 bytes)
Event: 3603.606 Thread 0x00007fb349026800 nmethod 2514 0x000000010bf856d0 code [0x000000010bf858a0, 0x000000010bf86188]
Event: 3603.616 Thread 0x00007fb349026800 2515       3       java.io.ObjectStreamField::<init> (268 bytes)
Event: 3603.617 Thread 0x00007fb349026800 nmethod 2515 0x000000010bfe36d0 code [0x000000010bfe38e0, 0x000000010bfe4218]
Event: 3604.311 Thread 0x00007fb349026800 2517       3       java.util.HashSet::size (8 bytes)
Event: 3604.312 Thread 0x00007fb349026800 nmethod 2517 0x000000010c063390 code [0x000000010c063500, 0x000000010c0636f0]
Event: 3604.313 Thread 0x00007fb349026800 2516       1       sun.rmi.transport.DGCClient$EndpointEntry$RefEntry$PhantomLiveRef::getRefEntry (5 bytes)
Event: 3604.313 Thread 0x00007fb349026800 nmethod 2516 0x000000010c081b10 code [0x000000010c081c60, 0x000000010c081d70]

GC Heap History (10 events):
Event: 3.987 GC heap before
{Heap before GC invocations=7 (full 3):
 PSYoungGen      total 38400K, used 2649K [0x0000000795580000, 0x0000000798000000, 0x00000007c0000000)
  eden space 33280K, 0% used [0x0000000795580000,0x0000000795580000,0x0000000797600000)
  from space 5120K, 51% used [0x0000000797b00000,0x0000000797d96680,0x0000000798000000)
  to   space 5120K, 0% used [0x0000000797600000,0x0000000797600000,0x0000000797b00000)
 ParOldGen       total 87552K, used 3070K [0x0000000740000000, 0x0000000745580000, 0x0000000795580000)
  object space 87552K, 3% used [0x0000000740000000,0x00000007402ffbb8,0x0000000745580000)
 Metaspace       used 16667K, capacity 17112K, committed 17280K, reserved 1064960K
  class space    used 2228K, capacity 2353K, committed 2432K, reserved 1048576K
Event: 4.026 GC heap after
Heap after GC invocations=7 (full 3):
 PSYoungGen      total 38400K, used 0K [0x0000000795580000, 0x0000000798000000, 0x00000007c0000000)
  eden space 33280K, 0% used [0x0000000795580000,0x0000000795580000,0x0000000797600000)
  from space 5120K, 0% used [0x0000000797b00000,0x0000000797b00000,0x0000000798000000)
  to   space 5120K, 0% used [0x0000000797600000,0x0000000797600000,0x0000000797b00000)
 ParOldGen       total 87552K, used 4916K [0x0000000740000000, 0x0000000745580000, 0x0000000795580000)
  object space 87552K, 5% used [0x0000000740000000,0x00000007404cd2c8,0x0000000745580000)
 Metaspace       used 16667K, capacity 17112K, committed 17280K, reserved 1064960K
  class space    used 2228K, capacity 2353K, committed 2432K, reserved 1048576K
}
Event: 4.134 GC heap before
{Heap before GC invocations=8 (full 3):
 PSYoungGen      total 38400K, used 1661K [0x0000000795580000, 0x0000000798000000, 0x00000007c0000000)
  eden space 33280K, 4% used [0x0000000795580000,0x000000079571f530,0x0000000797600000)
  from space 5120K, 0% used [0x0000000797b00000,0x0000000797b00000,0x0000000798000000)
  to   space 5120K, 0% used [0x0000000797600000,0x0000000797600000,0x0000000797b00000)
 ParOldGen       total 87552K, used 4916K [0x0000000740000000, 0x0000000745580000, 0x0000000795580000)
  object space 87552K, 5% used [0x0000000740000000,0x00000007404cd2c8,0x0000000745580000)
 Metaspace       used 16815K, capacity 17340K, committed 17536K, reserved 1064960K
  class space    used 2245K, capacity 2399K, committed 2432K, reserved 1048576K
Event: 4.135 GC heap after
Heap after GC invocations=8 (full 3):
 PSYoungGen      total 38400K, used 160K [0x0000000795580000, 0x0000000798000000, 0x00000007c0000000)
  eden space 33280K, 0% used [0x0000000795580000,0x0000000795580000,0x0000000797600000)
  from space 5120K, 3% used [0x0000000797600000,0x0000000797628000,0x0000000797b00000)
  to   space 5120K, 0% used [0x0000000797b00000,0x0000000797b00000,0x0000000798000000)
 ParOldGen       total 87552K, used 4916K [0x0000000740000000, 0x0000000745580000, 0x0000000795580000)
  object space 87552K, 5% used [0x0000000740000000,0x00000007404cd2c8,0x0000000745580000)
 Metaspace       used 16815K, capacity 17340K, committed 17536K, reserved 1064960K
  class space    used 2245K, capacity 2399K, committed 2432K, reserved 1048576K
}
Event: 4.135 GC heap before
{Heap before GC invocations=9 (full 4):
 PSYoungGen      total 38400K, used 160K [0x0000000795580000, 0x0000000798000000, 0x00000007c0000000)
  eden space 33280K, 0% used [0x0000000795580000,0x0000000795580000,0x0000000797600000)
  from space 5120K, 3% used [0x0000000797600000,0x0000000797628000,0x0000000797b00000)
  to   space 5120K, 0% used [0x0000000797b00000,0x0000000797b00000,0x0000000798000000)
 ParOldGen       total 87552K, used 4916K [0x0000000740000000, 0x0000000745580000, 0x0000000795580000)
  object space 87552K, 5% used [0x0000000740000000,0x00000007404cd2c8,0x0000000745580000)
 Metaspace       used 16815K, capacity 17340K, committed 17536K, reserved 1064960K
  class space    used 2245K, capacity 2399K, committed 2432K, reserved 1048576K
Event: 4.175 GC heap after
Heap after GC invocations=9 (full 4):
 PSYoungGen      total 38400K, used 0K [0x0000000795580000, 0x0000000798000000, 0x00000007c0000000)
  eden space 33280K, 0% used [0x0000000795580000,0x0000000795580000,0x0000000797600000)
  from space 5120K, 0% used [0x0000000797600000,0x0000000797600000,0x0000000797b00000)
  to   space 5120K, 0% used [0x0000000797b00000,0x0000000797b00000,0x0000000798000000)
 ParOldGen       total 87552K, used 4936K [0x0000000740000000, 0x0000000745580000, 0x0000000795580000)
  object space 87552K, 5% used [0x0000000740000000,0x00000007404d2020,0x0000000745580000)
 Metaspace       used 16815K, capacity 17340K, committed 17536K, reserved 1064960K
  class space    used 2245K, capacity 2399K, committed 2432K, reserved 1048576K
}
Event: 3604.181 GC heap before
{Heap before GC invocations=10 (full 4):
 PSYoungGen      total 38400K, used 29003K [0x0000000795580000, 0x0000000798000000, 0x00000007c0000000)
  eden space 33280K, 87% used [0x0000000795580000,0x00000007971d2d98,0x0000000797600000)
  from space 5120K, 0% used [0x0000000797600000,0x0000000797600000,0x0000000797b00000)
  to   space 5120K, 0% used [0x0000000797b00000,0x0000000797b00000,0x0000000798000000)
 ParOldGen       total 87552K, used 4936K [0x0000000740000000, 0x0000000745580000, 0x0000000795580000)
  object space 87552K, 5% used [0x0000000740000000,0x00000007404d2020,0x0000000745580000)
 Metaspace       used 18264K, capacity 18788K, committed 18944K, reserved 1064960K
  class space    used 2339K, capacity 2475K, committed 2560K, reserved 1048576K
Event: 3604.208 GC heap after
Heap after GC invocations=10 (full 4):
 PSYoungGen      total 38400K, used 753K [0x0000000795580000, 0x0000000798000000, 0x00000007c0000000)
  eden space 33280K, 0% used [0x0000000795580000,0x0000000795580000,0x0000000797600000)
  from space 5120K, 14% used [0x0000000797b00000,0x0000000797bbc420,0x0000000798000000)
  to   space 5120K, 0% used [0x0000000797600000,0x0000000797600000,0x0000000797b00000)
 ParOldGen       total 87552K, used 4944K [0x0000000740000000, 0x0000000745580000, 0x0000000795580000)
  object space 87552K, 5% used [0x0000000740000000,0x00000007404d4020,0x0000000745580000)
 Metaspace       used 18264K, capacity 18788K, committed 18944K, reserved 1064960K
  class space    used 2339K, capacity 2475K, committed 2560K, reserved 1048576K
}
Event: 3604.208 GC heap before
{Heap before GC invocations=11 (full 5):
 PSYoungGen      total 38400K, used 753K [0x0000000795580000, 0x0000000798000000, 0x00000007c0000000)
  eden space 33280K, 0% used [0x0000000795580000,0x0000000795580000,0x0000000797600000)
  from space 5120K, 14% used [0x0000000797b00000,0x0000000797bbc420,0x0000000798000000)
  to   space 5120K, 0% used [0x0000000797600000,0x0000000797600000,0x0000000797b00000)
 ParOldGen       total 87552K, used 4944K [0x0000000740000000, 0x0000000745580000, 0x0000000795580000)
  object space 87552K, 5% used [0x0000000740000000,0x00000007404d4020,0x0000000745580000)
 Metaspace       used 18264K, capacity 18788K, committed 18944K, reserved 1064960K
  class space    used 2339K, capacity 2475K, committed 2560K, reserved 1048576K
Event: 3604.310 GC heap after
Heap after GC invocations=11 (full 5):
 PSYoungGen      total 38400K, used 0K [0x0000000795580000, 0x0000000798000000, 0x00000007c0000000)
  eden space 33280K, 0% used [0x0000000795580000,0x0000000795580000,0x0000000797600000)
  from space 5120K, 0% used [0x0000000797b00000,0x0000000797b00000,0x0000000798000000)
  to   space 5120K, 0% used [0x0000000797600000,0x0000000797600000,0x0000000797b00000)
 ParOldGen       total 87552K, used 4924K [0x0000000740000000, 0x0000000745580000, 0x0000000795580000)
  object space 87552K, 5% used [0x0000000740000000,0x00000007404cf378,0x0000000745580000)
 Metaspace       used 18140K, capacity 18590K, committed 18944K, reserved 1064960K
  class space    used 2318K, capacity 2438K, committed 2560K, reserved 1048576K
}

Deoptimization events (10 events):
Event: 1.483 Thread 0x00007fb348bfc800 Uncommon trap: reason=unstable_if action=reinterpret pc=0x000000010c08504c method=java.lang.AbstractStringBuilder.append(Ljava/lang/String;)Ljava/lang/AbstractStringBuilder; @ 1
Event: 1.484 Thread 0x00007fb348bfc800 Uncommon trap: reason=unstable_if action=reinterpret pc=0x000000010c074a34 method=java.lang.AbstractStringBuilder.append(Ljava/lang/String;)Ljava/lang/AbstractStringBuilder; @ 1
Event: 3.360 Thread 0x00007fb348bfc800 Uncommon trap: reason=class_check action=maybe_recompile pc=0x000000010bfdd688 method=java.lang.String.equals(Ljava/lang/Object;)Z @ 8
Event: 3.360 Thread 0x00007fb348bfc800 Uncommon trap: reason=class_check action=maybe_recompile pc=0x000000010bfdd688 method=java.lang.String.equals(Ljava/lang/Object;)Z @ 8
Event: 3.360 Thread 0x00007fb348bfc800 Uncommon trap: reason=class_check action=maybe_recompile pc=0x000000010bfdd688 method=java.lang.String.equals(Ljava/lang/Object;)Z @ 8
Event: 3.360 Thread 0x00007fb348bfc800 Uncommon trap: reason=class_check action=maybe_recompile pc=0x000000010bfdd688 method=java.lang.String.equals(Ljava/lang/Object;)Z @ 8
Event: 3.732 Thread 0x00007fb348bfc800 Uncommon trap: reason=unstable_if action=reinterpret pc=0x000000010c1eceb8 method=sun.awt.image.ByteInterleavedRaster.putByteData(IIII[B)V @ 395
Event: 820.493 Thread 0x00007fb348bfc800 Uncommon trap: reason=unstable_if action=reinterpret pc=0x000000010c440a10 method=java.awt.Container.getMouseEventTargetImpl(IIZLjava/awt/Container$EventTargetFilter;ZZ)Ljava/awt/Component; @ 218
Event: 1589.743 Thread 0x00007fb34a0b7800 Uncommon trap: reason=null_check action=make_not_entrant pc=0x000000010c58d4d8 method=java.awt.geom.AffineTransform.equals(Ljava/lang/Object;)Z @ 1
Event: 1626.846 Thread 0x00007fb34a0b7800 Uncommon trap: reason=null_check action=make_not_entrant pc=0x000000010c533f6c method=java.awt.geom.AffineTransform.equals(Ljava/lang/Object;)Z @ 1

Internal exceptions (10 events):
Event: 0.782 Thread 0x00007fb349802000 Exception <a 'java/io/FileNotFoundException'> (0x000000079591bbc0) thrown at [/Users/java_re/workspace/8-2-build-macosx-x86_64/jdk8u92/6642/hotspot/src/share/vm/prims/jni.cpp, line 709]
Event: 0.782 Thread 0x00007fb349802000 Exception <a 'java/io/FileNotFoundException'> (0x000000079591c638) thrown at [/Users/java_re/workspace/8-2-build-macosx-x86_64/jdk8u92/6642/hotspot/src/share/vm/prims/jni.cpp, line 709]
Event: 1.096 Thread 0x00007fb349140000 Exception <a 'java/lang/NoSuchMethodError': <clinit>> (0x000000079558d2d8) thrown at [/Users/java_re/workspace/8-2-build-macosx-x86_64/jdk8u92/6642/hotspot/src/share/vm/prims/jni.cpp, line 1613]
Event: 1.101 Thread 0x00007fb349140000 Exception <a 'java/lang/NoSuchMethodError': <clinit>> (0x00000007955a3f48) thrown at [/Users/java_re/workspace/8-2-build-macosx-x86_64/jdk8u92/6642/hotspot/src/share/vm/prims/jni.cpp, line 1613]
Event: 1.106 Thread 0x00007fb34914f800 Exception <a 'java/lang/InterruptedException'> (0x00000007956ccd38) thrown at [/Users/java_re/workspace/8-2-build-macosx-x86_64/jdk8u92/6642/hotspot/src/share/vm/runtime/objectMonitor.cpp, line 1684]
Event: 1.483 Thread 0x00007fb348bfc800 Implicit null exception at 0x000000010c084b76 to 0x000000010c085031
Event: 1.484 Thread 0x00007fb348bfc800 Implicit null exception at 0x000000010c0745b6 to 0x000000010c074a1d
Event: 3.940 Thread 0x00007fb34a006000 Exception <a 'java/lang/NullPointerException'> (0x00000007955f2fb8) thrown at [/Users/java_re/workspace/8-2-build-macosx-x86_64/jdk8u92/6642/hotspot/src/share/vm/interpreter/linkResolver.cpp, line 1178]
Event: 1589.742 Thread 0x00007fb34a0b7800 Implicit null exception at 0x000000010c58a91e to 0x000000010c58d4a5
Event: 1626.846 Thread 0x00007fb34a0b7800 Implicit null exception at 0x000000010c533e0c to 0x000000010c533f5d

Events (10 events):
Event: 3604.312 Executing VM operation: RevokeBias
Event: 3604.312 Executing VM operation: RevokeBias done
Event: 3604.313 Thread 0x00007fb349026800 flushing nmethod 0x000000010c147450
Event: 3604.313 Thread 0x00007fb349026800 flushing nmethod 0x000000010c148e10
Event: 3604.313 Thread 0x00007fb349026800 flushing nmethod 0x000000010c149d10
Event: 3604.313 Thread 0x00007fb349026800 flushing nmethod 0x000000010c14b610
Event: 3604.313 Thread 0x00007fb349026800 flushing nmethod 0x000000010c152310
Event: 3604.313 Thread 0x00007fb349026800 flushing nmethod 0x000000010c152f90
Event: 3604.313 Thread 0x00007fb349026800 flushing nmethod 0x000000010c15f8d0
Event: 3604.313 Thread 0x00007fb349026800 flushing nmethod 0x000000010c160590


Dynamic libraries:
0x00000000270c1000 	/System/Library/Frameworks/Cocoa.framework/Versions/A/Cocoa
0x00000000270c1000 	/System/Library/Frameworks/Security.framework/Versions/A/Security
0x00000000270c1000 	/System/Library/Frameworks/ApplicationServices.framework/Versions/A/ApplicationServices
0x00000000270c1000 	/usr/lib/libz.1.dylib
0x00000000270c1000 	/usr/lib/libSystem.B.dylib
0x00000000270c1000 	/usr/lib/libobjc.A.dylib
0x00000000270c1000 	/System/Library/Frameworks/CoreFoundation.framework/Versions/A/CoreFoundation
0x00000000270c1000 	/System/Library/Frameworks/Foundation.framework/Versions/C/Foundation
0x00000000270c1000 	/System/Library/Frameworks/AppKit.framework/Versions/C/AppKit
0x00000000270c1000 	/System/Library/Frameworks/CoreData.framework/Versions/A/CoreData
0x00000000270c1000 	/System/Library/PrivateFrameworks/RemoteViewServices.framework/Versions/A/RemoteViewServices
0x00000000270c1000 	/System/Library/PrivateFrameworks/UIFoundation.framework/Versions/A/UIFoundation
0x00000000270c1000 	/System/Library/PrivateFrameworks/DFRFoundation.framework/Versions/A/DFRFoundation
0x00000000270c1000 	/usr/lib/libenergytrace.dylib
0x00000000270c1000 	/System/Library/PrivateFrameworks/SkyLight.framework/Versions/A/SkyLight
0x00000000270c1000 	/System/Library/Frameworks/CoreGraphics.framework/Versions/A/CoreGraphics
0x00000000270c1000 	/usr/lib/libScreenReader.dylib
0x00000000270c1000 	/System/Library/Frameworks/Accelerate.framework/Versions/A/Accelerate
0x00000000270c1000 	/System/Library/Frameworks/IOSurface.framework/Versions/A/IOSurface
0x00000000270c1000 	/System/Library/Frameworks/AudioToolbox.framework/Versions/A/AudioToolbox
0x00000000270c1000 	/System/Library/Frameworks/AudioUnit.framework/Versions/A/AudioUnit
0x00000000270c1000 	/System/Library/PrivateFrameworks/DataDetectorsCore.framework/Versions/A/DataDetectorsCore
0x00000000270c1000 	/System/Library/PrivateFrameworks/DesktopServicesPriv.framework/Versions/A/DesktopServicesPriv
0x00000000270c1000 	/System/Library/Frameworks/Carbon.framework/Versions/A/Frameworks/HIToolbox.framework/Versions/A/HIToolbox
0x00000000270c1000 	/usr/lib/libicucore.A.dylib
0x00000000270c1000 	/System/Library/Frameworks/QuartzCore.framework/Versions/A/QuartzCore
0x00000000270c1000 	/System/Library/Frameworks/Carbon.framework/Versions/A/Frameworks/SpeechRecognition.framework/Versions/A/SpeechRecognition
0x00000000270c1000 	/usr/lib/libauto.dylib
0x00000000270c1000 	/usr/lib/libxml2.2.dylib
0x00000000270c1000 	/System/Library/PrivateFrameworks/CoreUI.framework/Versions/A/CoreUI
0x00000000270c1000 	/System/Library/Frameworks/CoreAudio.framework/Versions/A/CoreAudio
0x00000000270c1000 	/System/Library/Frameworks/DiskArbitration.framework/Versions/A/DiskArbitration
0x00000000270c1000 	/usr/lib/liblangid.dylib
0x00000000270c1000 	/System/Library/PrivateFrameworks/MultitouchSupport.framework/Versions/A/MultitouchSupport
0x00000000270c1000 	/System/Library/Frameworks/IOKit.framework/Versions/A/IOKit
0x00000000270c1000 	/usr/lib/libDiagnosticMessagesClient.dylib
0x00000000270c1000 	/System/Library/Frameworks/CoreServices.framework/Versions/A/CoreServices
0x00000000270c1000 	/System/Library/PrivateFrameworks/PerformanceAnalysis.framework/Versions/A/PerformanceAnalysis
0x00000000270c1000 	/System/Library/PrivateFrameworks/GenerationalStorage.framework/Versions/A/GenerationalStorage
0x00000000270c1000 	/System/Library/Frameworks/OpenGL.framework/Versions/A/OpenGL
0x00000000270c1000 	/System/Library/Frameworks/CoreImage.framework/Versions/A/CoreImage
0x00000000270c1000 	/System/Library/Frameworks/CoreText.framework/Versions/A/CoreText
0x00000000270c1000 	/System/Library/Frameworks/ImageIO.framework/Versions/A/ImageIO
0x00000000270c1000 	/System/Library/PrivateFrameworks/Backup.framework/Versions/A/Backup
0x00000000270c1000 	/usr/lib/libarchive.2.dylib
0x00000000270c1000 	/System/Library/Frameworks/CFNetwork.framework/Versions/A/CFNetwork
0x00000000270c1000 	/System/Library/Frameworks/SystemConfiguration.framework/Versions/A/SystemConfiguration
0x00000000270c1000 	/usr/lib/libCRFSuite.dylib
0x00000000270c1000 	/usr/lib/libc++.1.dylib
0x00000000270c1000 	/usr/lib/libc++abi.dylib
0x00000000270c1000 	/usr/lib/system/libcache.dylib
0x00000000270c1000 	/usr/lib/system/libcommonCrypto.dylib
0x00000000270c1000 	/usr/lib/system/libcompiler_rt.dylib
0x00000000270c1000 	/usr/lib/system/libcopyfile.dylib
0x00000000270c1000 	/usr/lib/system/libcorecrypto.dylib
0x00000000270c1000 	/usr/lib/system/libdispatch.dylib
0x00000000270c1000 	/usr/lib/system/libdyld.dylib
0x00000000270c1000 	/usr/lib/system/libkeymgr.dylib
0x00000000270c1000 	/usr/lib/system/liblaunch.dylib
0x00000000270c1000 	/usr/lib/system/libmacho.dylib
0x00000000270c1000 	/usr/lib/system/libquarantine.dylib
0x00000000270c1000 	/usr/lib/system/libremovefile.dylib
0x00000000270c1000 	/usr/lib/system/libsystem_asl.dylib
0x00000000270c1000 	/usr/lib/system/libsystem_blocks.dylib
0x00000000270c1000 	/usr/lib/system/libsystem_c.dylib
0x00000000270c1000 	/usr/lib/system/libsystem_configuration.dylib
0x00000000270c1000 	/usr/lib/system/libsystem_coreservices.dylib
0x00000000270c1000 	/usr/lib/system/libsystem_coretls.dylib
0x00000000270c1000 	/usr/lib/system/libsystem_dnssd.dylib
0x00000000270c1000 	/usr/lib/system/libsystem_info.dylib
0x00000000270c1000 	/usr/lib/system/libsystem_kernel.dylib
0x00000000270c1000 	/usr/lib/system/libsystem_m.dylib
0x00000000270c1000 	/usr/lib/system/libsystem_malloc.dylib
0x00000000270c1000 	/usr/lib/system/libsystem_network.dylib
0x00000000270c1000 	/usr/lib/system/libsystem_networkextension.dylib
0x00000000270c1000 	/usr/lib/system/libsystem_notify.dylib
0x00000000270c1000 	/usr/lib/system/libsystem_platform.dylib
0x00000000270c1000 	/usr/lib/system/libsystem_pthread.dylib
0x00000000270c1000 	/usr/lib/system/libsystem_sandbox.dylib
0x00000000270c1000 	/usr/lib/system/libsystem_secinit.dylib
0x00000000270c1000 	/usr/lib/system/libsystem_symptoms.dylib
0x00000000270c1000 	/usr/lib/system/libsystem_trace.dylib
0x00000000270c1000 	/usr/lib/system/libunwind.dylib
0x00000000270c1000 	/usr/lib/system/libxpc.dylib
0x00000000270c1000 	/usr/lib/libbsm.0.dylib
0x00000000270c1000 	/usr/lib/system/libkxld.dylib
0x00000000270c1000 	/usr/lib/libcoretls.dylib
0x00000000270c1000 	/usr/lib/libcoretls_cfhelpers.dylib
0x00000000270c1000 	/usr/lib/libOpenScriptingUtil.dylib
0x00000000270c1000 	/usr/lib/libpam.2.dylib
0x00000000270c1000 	/usr/lib/libsqlite3.dylib
0x00000000270c1000 	/usr/lib/libxar.1.dylib
0x00000000270c1000 	/usr/lib/libbz2.1.0.dylib
0x00000000270c1000 	/usr/lib/liblzma.5.dylib
0x00000000270c1000 	/usr/lib/libnetwork.dylib
0x00000000270c1000 	/usr/lib/libpcap.A.dylib
0x00000000270c1000 	/System/Library/Frameworks/CoreServices.framework/Versions/A/Frameworks/FSEvents.framework/Versions/A/FSEvents
0x00000000270c1000 	/System/Library/Frameworks/CoreServices.framework/Versions/A/Frameworks/CarbonCore.framework/Versions/A/CarbonCore
0x00000000270c1000 	/System/Library/Frameworks/CoreServices.framework/Versions/A/Frameworks/Metadata.framework/Versions/A/Metadata
0x00000000270c1000 	/System/Library/Frameworks/CoreServices.framework/Versions/A/Frameworks/OSServices.framework/Versions/A/OSServices
0x00000000270c1000 	/System/Library/Frameworks/CoreServices.framework/Versions/A/Frameworks/SearchKit.framework/Versions/A/SearchKit
0x00000000270c1000 	/System/Library/Frameworks/CoreServices.framework/Versions/A/Frameworks/AE.framework/Versions/A/AE
0x00000000270c1000 	/System/Library/Frameworks/CoreServices.framework/Versions/A/Frameworks/LaunchServices.framework/Versions/A/LaunchServices
0x00000000270c1000 	/System/Library/Frameworks/CoreServices.framework/Versions/A/Frameworks/DictionaryServices.framework/Versions/A/DictionaryServices
0x00000000270c1000 	/System/Library/Frameworks/CoreServices.framework/Versions/A/Frameworks/SharedFileList.framework/Versions/A/SharedFileList
0x00000000270c1000 	/System/Library/Frameworks/NetFS.framework/Versions/A/NetFS
0x00000000270c1000 	/System/Library/PrivateFrameworks/NetAuth.framework/Versions/A/NetAuth
0x00000000270c1000 	/System/Library/PrivateFrameworks/login.framework/Versions/A/Frameworks/loginsupport.framework/Versions/A/loginsupport
0x00000000270c1000 	/System/Library/PrivateFrameworks/TCC.framework/Versions/A/TCC
0x00000000270c1000 	/usr/lib/libmecabra.dylib
0x00000000270c1000 	/System/Library/Frameworks/ApplicationServices.framework/Versions/A/Frameworks/ATS.framework/Versions/A/ATS
0x00000000270c1000 	/System/Library/Frameworks/ApplicationServices.framework/Versions/A/Frameworks/ColorSync.framework/Versions/A/ColorSync
0x00000000270c1000 	/System/Library/Frameworks/ApplicationServices.framework/Versions/A/Frameworks/HIServices.framework/Versions/A/HIServices
0x00000000270c1000 	/System/Library/Frameworks/ApplicationServices.framework/Versions/A/Frameworks/LangAnalysis.framework/Versions/A/LangAnalysis
0x00000000270c1000 	/System/Library/Frameworks/ApplicationServices.framework/Versions/A/Frameworks/PrintCore.framework/Versions/A/PrintCore
0x00000000270c1000 	/System/Library/Frameworks/ApplicationServices.framework/Versions/A/Frameworks/QD.framework/Versions/A/QD
0x00000000270c1000 	/System/Library/Frameworks/ApplicationServices.framework/Versions/A/Frameworks/SpeechSynthesis.framework/Versions/A/SpeechSynthesis
0x00000000270c1000 	/System/Library/Frameworks/Accelerate.framework/Versions/A/Frameworks/vImage.framework/Versions/A/vImage
0x00000000270c1000 	/System/Library/Frameworks/Accelerate.framework/Versions/A/Frameworks/vecLib.framework/Versions/A/vecLib
0x00000000270c1000 	/System/Library/Frameworks/Accelerate.framework/Versions/A/Frameworks/vecLib.framework/Versions/A/libvDSP.dylib
0x00000000270c1000 	/System/Library/Frameworks/Accelerate.framework/Versions/A/Frameworks/vecLib.framework/Versions/A/libBNNS.dylib
0x00000000270c1000 	/System/Library/Frameworks/Accelerate.framework/Versions/A/Frameworks/vecLib.framework/Versions/A/libQuadrature.dylib
0x00000000270c1000 	/System/Library/Frameworks/Accelerate.framework/Versions/A/Frameworks/vecLib.framework/Versions/A/libvMisc.dylib
0x00000000270c1000 	/System/Library/Frameworks/Accelerate.framework/Versions/A/Frameworks/vecLib.framework/Versions/A/libLAPACK.dylib
0x00000000270c1000 	/System/Library/Frameworks/Accelerate.framework/Versions/A/Frameworks/vecLib.framework/Versions/A/libBLAS.dylib
0x00000000270c1000 	/System/Library/Frameworks/Accelerate.framework/Versions/A/Frameworks/vecLib.framework/Versions/A/libLinearAlgebra.dylib
0x00000000270c1000 	/System/Library/Frameworks/Accelerate.framework/Versions/A/Frameworks/vecLib.framework/Versions/A/libSparseBLAS.dylib
0x00000000270c1000 	/System/Library/Frameworks/ApplicationServices.framework/Versions/A/Frameworks/ATS.framework/Versions/A/Resources/libFontParser.dylib
0x00000000270c1000 	/System/Library/Frameworks/ApplicationServices.framework/Versions/A/Frameworks/ATS.framework/Versions/A/Resources/libFontRegistry.dylib
0x00000000270c1000 	/System/Library/Frameworks/ImageIO.framework/Versions/A/Resources/libJPEG.dylib
0x00000000270c1000 	/System/Library/Frameworks/ImageIO.framework/Versions/A/Resources/libTIFF.dylib
0x00000000270c1000 	/System/Library/Frameworks/ImageIO.framework/Versions/A/Resources/libPng.dylib
0x00000000270c1000 	/System/Library/Frameworks/ImageIO.framework/Versions/A/Resources/libGIF.dylib
0x00000000270c1000 	/System/Library/Frameworks/ImageIO.framework/Versions/A/Resources/libJP2.dylib
0x00000000270c1000 	/System/Library/Frameworks/ImageIO.framework/Versions/A/Resources/libRadiance.dylib
0x00000000270c1000 	/usr/lib/libcompression.dylib
0x00000000270c1000 	/System/Library/PrivateFrameworks/AppleJPEG.framework/Versions/A/AppleJPEG
0x00000000270c1000 	/usr/lib/libcups.2.dylib
0x00000000270c1000 	/System/Library/Frameworks/Kerberos.framework/Versions/A/Kerberos
0x00000000270c1000 	/System/Library/Frameworks/GSS.framework/Versions/A/GSS
0x00000000270c1000 	/usr/lib/libresolv.9.dylib
0x00000000270c1000 	/usr/lib/libiconv.2.dylib
0x00000000270c1000 	/System/Library/PrivateFrameworks/Heimdal.framework/Versions/A/Heimdal
0x00000000270c1000 	/usr/lib/libheimdal-asn1.dylib
0x00000000270c1000 	/System/Library/Frameworks/OpenDirectory.framework/Versions/A/OpenDirectory
0x00000000270c1000 	/System/Library/PrivateFrameworks/CommonAuth.framework/Versions/A/CommonAuth
0x00000000270c1000 	/System/Library/Frameworks/OpenDirectory.framework/Versions/A/Frameworks/CFOpenDirectory.framework/Versions/A/CFOpenDirectory
0x00000000270c1000 	/System/Library/Frameworks/SecurityFoundation.framework/Versions/A/SecurityFoundation
0x00000000270c1000 	/System/Library/PrivateFrameworks/LanguageModeling.framework/Versions/A/LanguageModeling
0x00000000270c1000 	/usr/lib/libmarisa.dylib
0x00000000270c1000 	/usr/lib/libChineseTokenizer.dylib
0x00000000270c1000 	/usr/lib/libcmph.dylib
0x00000000270c1000 	/System/Library/PrivateFrameworks/CoreEmoji.framework/Versions/A/CoreEmoji
0x00000000270c1000 	/System/Library/Frameworks/ServiceManagement.framework/Versions/A/ServiceManagement
0x00000000270c1000 	/usr/lib/libxslt.1.dylib
0x00000000270c1000 	/System/Library/Frameworks/Carbon.framework/Versions/A/Frameworks/Ink.framework/Versions/A/Ink
0x00000000270c1000 	/System/Library/PrivateFrameworks/TextureIO.framework/Versions/A/TextureIO
0x00000000270c1000 	/System/Library/Frameworks/Metal.framework/Versions/A/Metal
0x00000000270c1000 	/usr/lib/libate.dylib
0x00000000270c1000 	/System/Library/PrivateFrameworks/GPUCompiler.framework/libmetal_timestamp.dylib
0x00000000270c1000 	/System/Library/Frameworks/OpenGL.framework/Versions/A/Libraries/libCoreFSCache.dylib
0x00000000270c1000 	/System/Library/PrivateFrameworks/IOAccelerator.framework/Versions/A/IOAccelerator
0x00000000270c1000 	/System/Library/Frameworks/CoreVideo.framework/Versions/A/CoreVideo
0x00000000270c1000 	/usr/lib/libFosl_dynamic.dylib
0x00000000270c1000 	/System/Library/PrivateFrameworks/MetalPerformanceShaders.framework/Versions/A/MetalPerformanceShaders
0x00000000270c1000 	/System/Library/PrivateFrameworks/FaceCore.framework/Versions/A/FaceCore
0x00000000270c1000 	/System/Library/Frameworks/OpenCL.framework/Versions/A/OpenCL
0x00000000270c1000 	/System/Library/Frameworks/OpenGL.framework/Versions/A/Libraries/libGLU.dylib
0x00000000270c1000 	/System/Library/Frameworks/OpenGL.framework/Versions/A/Libraries/libGFXShared.dylib
0x00000000270c1000 	/System/Library/Frameworks/OpenGL.framework/Versions/A/Libraries/libGL.dylib
0x00000000270c1000 	/System/Library/Frameworks/OpenGL.framework/Versions/A/Libraries/libGLImage.dylib
0x00000000270c1000 	/System/Library/Frameworks/OpenGL.framework/Versions/A/Libraries/libCVMSPluginSupport.dylib
0x00000000270c1000 	/System/Library/Frameworks/OpenGL.framework/Versions/A/Libraries/libCoreVMClient.dylib
0x00000000270c1000 	/System/Library/PrivateFrameworks/CrashReporterSupport.framework/Versions/A/CrashReporterSupport
0x00000000270c1000 	/System/Library/PrivateFrameworks/Sharing.framework/Versions/A/Sharing
0x00000000270c1000 	/System/Library/PrivateFrameworks/IconServices.framework/Versions/A/IconServices
0x00000000270c1000 	/System/Library/PrivateFrameworks/ProtocolBuffer.framework/Versions/A/ProtocolBuffer
0x00000000270c1000 	/System/Library/PrivateFrameworks/Apple80211.framework/Versions/A/Apple80211
0x00000000270c1000 	/System/Library/Frameworks/CoreWLAN.framework/Versions/A/CoreWLAN
0x00000000270c1000 	/System/Library/PrivateFrameworks/CoreUtils.framework/Versions/A/CoreUtils
0x00000000270c1000 	/System/Library/Frameworks/IOBluetooth.framework/Versions/A/IOBluetooth
0x00000000270c1000 	/System/Library/PrivateFrameworks/CoreWiFi.framework/Versions/A/CoreWiFi
0x00000000270c1000 	/System/Library/Frameworks/CoreBluetooth.framework/Versions/A/CoreBluetooth
0x00000000270c1000 	/System/Library/Frameworks/CoreDisplay.framework/Versions/A/CoreDisplay
0x00000000270c1000 	/System/Library/PrivateFrameworks/IOPresentment.framework/Versions/A/IOPresentment
0x00000000270c1000 	/System/Library/PrivateFrameworks/DSExternalDisplay.framework/Versions/A/DSExternalDisplay
0x00000000270c1000 	/System/Library/PrivateFrameworks/DebugSymbols.framework/Versions/A/DebugSymbols
0x00000000270c1000 	/System/Library/PrivateFrameworks/CoreSymbolication.framework/Versions/A/CoreSymbolication
0x00000000270c1000 	/System/Library/PrivateFrameworks/Symbolication.framework/Versions/A/Symbolication
0x00000000270c1000 	/System/Library/PrivateFrameworks/AppleFSCompression.framework/Versions/A/AppleFSCompression
0x00000000270c1000 	/System/Library/PrivateFrameworks/SpeechRecognitionCore.framework/Versions/A/SpeechRecognitionCore
0x00000000270c1000 	/System/Library/PrivateFrameworks/ChunkingLibrary.framework/Versions/A/ChunkingLibrary
0x0000000100e00000 	/Applications/Greenfoot.app/Contents/JDK/Home/jre/lib/server/libjvm.dylib
0x00000000270c1000 	/usr/lib/libstdc++.6.dylib
0x0000000100553000 	/Applications/Greenfoot.app/Contents/JDK/Home/jre/lib/libverify.dylib
0x0000000100561000 	/Applications/Greenfoot.app/Contents/JDK/Home/jre/lib/libjava.dylib
0x0000000100597000 	/Applications/Greenfoot.app/Contents/JDK/Home/jre/lib/libjdwp.dylib
0x00000001005e2000 	/Applications/Greenfoot.app/Contents/JDK/Home/jre/lib/libnpt.dylib
0x00000001005ef000 	/Applications/Greenfoot.app/Contents/JDK/Home/jre/lib/libzip.dylib
0x00000001086f9000 	/System/Library/Frameworks/JavaVM.framework/Frameworks/JavaRuntimeSupport.framework/JavaRuntimeSupport
0x0000000108713000 	/System/Library/Frameworks/JavaVM.framework/Versions/A/Frameworks/JavaNativeFoundation.framework/Versions/A/JavaNativeFoundation
0x0000000108728000 	/System/Library/Frameworks/JavaVM.framework/Versions/A/JavaVM
0x00000000270c1000 	/System/Library/Frameworks/Carbon.framework/Versions/A/Carbon
0x0000000108735000 	/System/Library/PrivateFrameworks/JavaLaunching.framework/Versions/A/JavaLaunching
0x00000000270c1000 	/System/Library/Frameworks/Carbon.framework/Versions/A/Frameworks/CommonPanels.framework/Versions/A/CommonPanels
0x00000000270c1000 	/System/Library/Frameworks/Carbon.framework/Versions/A/Frameworks/Help.framework/Versions/A/Help
0x00000000270c1000 	/System/Library/Frameworks/Carbon.framework/Versions/A/Frameworks/ImageCapture.framework/Versions/A/ImageCapture
0x00000000270c1000 	/System/Library/Frameworks/Carbon.framework/Versions/A/Frameworks/OpenScripting.framework/Versions/A/OpenScripting
0x00000000270c1000 	/System/Library/Frameworks/Carbon.framework/Versions/A/Frameworks/Print.framework/Versions/A/Print
0x00000000270c1000 	/System/Library/Frameworks/Carbon.framework/Versions/A/Frameworks/SecurityHI.framework/Versions/A/SecurityHI
0x000000010a03e000 	/Applications/Greenfoot.app/Contents/JDK/Home/jre/lib/libdt_socket.dylib
0x000000010a0f0000 	/Applications/Greenfoot.app/Contents/JDK/Home/jre/lib/libawt.dylib
0x000000010a198000 	/Applications/Greenfoot.app/Contents/JDK/Home/jre/lib/./libmlib_image.dylib
0x000000010a264000 	/Applications/Greenfoot.app/Contents/JDK/Home/jre/lib/libawt_lwawt.dylib
0x000000010a319000 	/Applications/Greenfoot.app/Contents/JDK/Home/jre/lib/./libosxapp.dylib
0x00000000270c1000 	/System/Library/Frameworks/ExceptionHandling.framework/Versions/A/ExceptionHandling
0x00000000270c1000 	/System/Library/PrivateFrameworks/CoreServicesInternal.framework/Versions/A/CoreServicesInternal
0x00000000270c1000 	/System/Library/CoreServices/RawCamera.bundle/Contents/MacOS/RawCamera
0x00000000270c1000 	/System/Library/Frameworks/Accelerate.framework/Versions/A/Frameworks/vImage.framework/Versions/A/Libraries/libCGInterfaces.dylib
0x00000000270c1000 	/System/Library/PrivateFrameworks/FamilyControls.framework/Versions/A/FamilyControls
0x00000000270c1000 	/System/Library/PrivateFrameworks/CommerceKit.framework/Versions/A/Frameworks/CommerceCore.framework/Versions/A/CommerceCore
0x00000000270c1000 	/System/Library/PrivateFrameworks/SystemAdministration.framework/Versions/A/SystemAdministration
0x00000000270c1000 	/System/Library/PrivateFrameworks/AppContainer.framework/Versions/A/AppContainer
0x00000000270c1000 	/System/Library/PrivateFrameworks/SecCodeWrapper.framework/Versions/A/SecCodeWrapper
0x00000000270c1000 	/System/Library/Frameworks/DirectoryService.framework/Versions/A/DirectoryService
0x00000000270c1000 	/System/Library/PrivateFrameworks/DiskImages.framework/Versions/A/DiskImages
0x00000000270c1000 	/System/Library/PrivateFrameworks/LoginUIKit.framework/Versions/A/Frameworks/LoginUICore.framework/Versions/A/LoginUICore
0x00000000270c1000 	/usr/lib/libCoreStorage.dylib
0x00000000270c1000 	/usr/lib/libcsfde.dylib
0x00000000270c1000 	/usr/lib/libodfde.dylib
0x00000000270c1000 	/System/Library/Frameworks/DiscRecording.framework/Versions/A/DiscRecording
0x00000000270c1000 	/usr/lib/libcurl.4.dylib
0x00000000270c1000 	/System/Library/PrivateFrameworks/MediaKit.framework/Versions/A/MediaKit
0x00000000270c1000 	/System/Library/PrivateFrameworks/ProtectedCloudStorage.framework/Versions/A/ProtectedCloudStorage
0x00000000270c1000 	/System/Library/PrivateFrameworks/EFILogin.framework/Versions/A/EFILogin
0x00000000270c1000 	/usr/lib/libutil.dylib
0x00000000270c1000 	/System/Library/Frameworks/LDAP.framework/Versions/A/LDAP
0x00000000270c1000 	/usr/lib/libsasl2.2.dylib
0x00000000270c1000 	/System/Library/PrivateFrameworks/CoreDaemon.framework/Versions/B/CoreDaemon
0x00000000270c1000 	/System/Library/PrivateFrameworks/AppleSRP.framework/Versions/A/AppleSRP
0x00000000270c1000 	/System/Library/PrivateFrameworks/APFS.framework/Versions/A/APFS
0x000000010abf6000 	/Applications/Greenfoot.app/Contents/JDK/Home/jre/lib/libfontmanager.dylib
0x00000000270c1000 	/System/Library/Frameworks/ApplicationServices.framework/Versions/A/Frameworks/ATS.framework/Versions/A/Resources/libTrueTypeScaler.dylib
0x000000010bb93000 	/System/Library/Frameworks/OpenGL.framework/Resources/GLEngine.bundle/GLEngine
0x00000000270c1000 	/System/Library/Frameworks/OpenGL.framework/Versions/A/Libraries/libGLProgrammability.dylib
0x000000011be61000 	/System/Library/Extensions/AppleIntelHD5000GraphicsGLDriver.bundle/Contents/MacOS/AppleIntelHD5000GraphicsGLDriver
0x00000000270c1000 	/System/Library/PrivateFrameworks/GPUSupport.framework/Versions/A/Libraries/libGPUSupportMercury.dylib
0x000000010acff000 	/System/Library/Frameworks/OpenGL.framework/Resources//GLRendererFloat.bundle/GLRendererFloat
0x00000000270c1000 	/System/Library/Frameworks/OpenCL.framework/Versions/A/Libraries/libcldcpuengine.dylib
0x00000000270c1000 	/usr/lib/libcrypto.0.9.8.dylib
0x00000000270c1000 	/System/Library/PrivateFrameworks/TrustEvaluationAgent.framework/Versions/A/TrustEvaluationAgent
0x000000011c5cf000 	/System/Library/Extensions/AppleIntelHD5000GraphicsMTLDriver.bundle/Contents/MacOS/AppleIntelHD5000GraphicsMTLDriver
0x000000011c8d5000 	/Applications/Greenfoot.app/Contents/JDK/Home/jre/lib/libnet.dylib
0x00000000270c1000 	/System/Library/PrivateFrameworks/ViewBridge.framework/Versions/A/ViewBridge
0x00000000270c1000 	/System/Library/PrivateFrameworks/XPCService.framework/Versions/A/XPCService
0x00000000270c1000 	/System/Library/PrivateFrameworks/AppSandbox.framework/Versions/A/AppSandbox
0x00000000270c1000 	/usr/lib/libsandbox.1.dylib
0x00000000270c1000 	/usr/lib/libMatch.1.dylib
0x000000011d3bf000 	/Applications/Greenfoot.app/Contents/JDK/Home/jre/lib/libnio.dylib
0x000000011d3cf000 	/Applications/Greenfoot.app/Contents/JDK/Home/jre/lib/libosxui.dylib

VM Arguments:
jvm_args: -Dawt.useSystemAAFontSettings=on -XX:MaxGCPauseMillis=50 -agentlib:jdwp=transport=dt_socket,address=127.0.0.1:49619 -Dfile.encoding=UTF-8 
java_command: bluej.runtime.ExecServer UTF-8
java_class_path (initial): /Applications/Greenfoot.app/Contents/Resources/Java/extensions/greenfoot.jar:/Applications/Greenfoot.app/Contents/Resources/Java/bluejcore.jar:/Applications/Greenfoot.app/Contents/Resources/Java/bluejeditor.jar:/Applications/Greenfoot.app/Contents/Resources/Java/bluejext.jar:/Applications/Greenfoot.app/Contents/Resources/Java/AppleJavaExtensions.jar:/Applications/Greenfoot.app/Contents/Resources/Java/junit-4.11.jar:/Applications/Greenfoot.app/Contents/Resources/Java/hamcrest-core-1.3.jar:/Applications/Greenfoot.app/Contents/Resources/Java/bluej.jar:/Applications/Greenfoot.app/Contents/Resources/Java/diffutils-1.2.1.jar:/Applications/Greenfoot.app/Contents/Resources/Java/commons-httpclient-3.1.jar:/Applications/Greenfoot.app/Contents/Resources/Java/commons-logging-api-1.1.2.jar:/Applications/Greenfoot.app/Contents/Resources/Java/commons-codec-1.3.jar:/Applications/Greenfoot.app/Contents/Resources/Java/jl1.0.1.jar:/Applications/Greenfoot.app/Contents/Resources/Java/opencsv-2.3.jar:/Applications/Greenfoot.app/Contents/Resources/Java/xom-1.2.9.jar:/Applications/Greenfoot.app/Contents/Resources/Java/guava-17.0.jar:/Applications/Greenfoot.app/Contents/Resources/Java/javassist-3.18.0.jar:/Applications/Greenfoot.app/Contents/Resources/Java/commons-vfs2-2.0.jar:/Applications/Greenfoot.app/Contents/Resources/Java/httpclient-4.1.1.jar:/Applications/Greenfoot.app/Contents/Resources/Java/httpcore-4.1.jar:/Applications/Greenfoot.app/Contents/Resources/Java/httpmime-4.1.1.jar
Launcher Type: SUN_STANDARD

Environment Variables:
PATH=/usr/bin:/bin:/usr/sbin:/sbin
SHELL=/bin/bash

Signal Handlers:
SIGSEGV: [libjvm.dylib+0x5aa779], sa_mask[0]=11111111011111110111111111111111, sa_flags=SA_ONSTACK|SA_RESTART|SA_SIGINFO
SIGBUS: [libjvm.dylib+0x5aa779], sa_mask[0]=11111111011111110111111111111111, sa_flags=SA_RESTART|SA_SIGINFO
SIGFPE: [libjvm.dylib+0x4831d0], sa_mask[0]=11111111011111110111111111111111, sa_flags=SA_RESTART|SA_SIGINFO
SIGPIPE: [libjvm.dylib+0x4831d0], sa_mask[0]=11111111011111110111111111111111, sa_flags=SA_RESTART|SA_SIGINFO
SIGXFSZ: [libjvm.dylib+0x4831d0], sa_mask[0]=11111111011111110111111111111111, sa_flags=SA_RESTART|SA_SIGINFO
SIGILL: [libjvm.dylib+0x4831d0], sa_mask[0]=11111111011111110111111111111111, sa_flags=SA_RESTART|SA_SIGINFO
SIGUSR1: SIG_DFL, sa_mask[0]=00000000000000000000000000000000, sa_flags=none
SIGUSR2: [libjvm.dylib+0x482cee], sa_mask[0]=00100000000000000000000000000000, sa_flags=SA_RESTART|SA_SIGINFO
SIGHUP: [libjvm.dylib+0x4812c5], sa_mask[0]=11111111011111110111111111111111, sa_flags=SA_RESTART|SA_SIGINFO
SIGINT: [libjvm.dylib+0x4812c5], sa_mask[0]=11111111011111110111111111111111, sa_flags=SA_RESTART|SA_SIGINFO
SIGTERM: [libjvm.dylib+0x4812c5], sa_mask[0]=11111111011111110111111111111111, sa_flags=SA_RESTART|SA_SIGINFO
SIGQUIT: [libjvm.dylib+0x4812c5], sa_mask[0]=11111111011111110111111111111111, sa_flags=SA_RESTART|SA_SIGINFO


---------------  S Y S T E M  ---------------

OS:Bsduname:Darwin 16.6.0 Darwin Kernel Version 16.6.0: Fri Apr 14 16:21:16 PDT 2017; root:xnu-3789.60.24~6/RELEASE_X86_64 x86_64
rlimit: STACK 8192k, CORE 0k, NPROC 709, NOFILE 10240, AS infinity
load average:1.76 1.87 1.99

CPU:total 4 (2 cores per cpu, 2 threads per core) family 6 model 69 stepping 1, cmov, cx8, fxsr, mmx, sse, sse2, sse3, ssse3, sse4.1, sse4.2, popcnt, avx, avx2, aes, clmul, erms, rtm, lzcnt, ht, tsc, tscinvbit, bmi1, bmi2

Memory: 4k page, physical 8388608k(20304k free)

/proc/meminfo:


vm_info: Java HotSpot(TM) 64-Bit Server VM (25.92-b14) for bsd-amd64 JRE (1.8.0_92-b14), built on Mar 31 2016 21:23:14 by "java_re" with gcc 4.2.1 (Based on Apple Inc. build 5658) (LLVM build 2336.11.00)

time: Sat Jun 24 23:15:41 2017
elapsed time: 3604 seconds (0d 1h 0m 4s)

